п»ї{
  "htmlBytes": 113196,
  "requestCount": 41,
  "interestingCount": 20,
  "interesting": [
    {
      "rt": "document",
      "method": "GET",
      "url": "https://elbitsystemscareer.com/jobs/"
    },
    {
      "rt": "script",
      "method": "GET",
      "url": "https://elbitsystemscareer.com/_next/static/chunks/webpack-b18589d9c63fef49.js"
    },
    {
      "rt": "script",
      "method": "GET",
      "url": "https://elbitsystemscareer.com/_next/static/chunks/4bd1b696-cf72ae8a39fa05aa.js"
    },
    {
      "rt": "script",
      "method": "GET",
      "url": "https://elbitsystemscareer.com/_next/static/chunks/964-9b249bc0ac5a9a8b.js"
    },
    {
      "rt": "script",
      "method": "GET",
      "url": "https://elbitsystemscareer.com/_next/static/chunks/main-app-1ec75f8068799bb0.js"
    },
    {
      "rt": "script",
      "method": "GET",
      "url": "https://elbitsystemscareer.com/_next/static/chunks/13-27bef9593db4b615.js"
    },
    {
      "rt": "script",
      "method": "GET",
      "url": "https://elbitsystemscareer.com/_next/static/chunks/464-6a020d149256888a.js"
    },
    {
      "rt": "script",
      "method": "GET",
      "url": "https://elbitsystemscareer.com/_next/static/chunks/311-87218029971de839.js"
    },
    {
      "rt": "script",
      "method": "GET",
      "url": "https://elbitsystemscareer.com/_next/static/chunks/app/layout-1a7a32978a915e32.js"
    },
    {
      "rt": "script",
      "method": "GET",
      "url": "https://elbitsystemscareer.com/_next/static/chunks/app/jobs/page-d0a01d7298139591.js"
    },
    {
      "rt": "xhr",
      "method": "POST",
      "url": "https://niloo-server.herokuapp.com/actions-elbit"
    },
    {
      "rt": "script",
      "method": "GET",
      "url": "https://code.jquery.com/jquery-1.8.0.min.js"
    },
    {
      "rt": "script",
      "method": "GET",
      "url": "https://elbitsystemscareer.com/_next/static/chunks/481-f499b3f2ca49d263.js"
    },
    {
      "rt": "script",
      "method": "GET",
      "url": "https://elbitsystemscareer.com/_next/static/chunks/577-6f2dad26a13e203d.js"
    },
    {
      "rt": "script",
      "method": "GET",
      "url": "https://elbitsystemscareer.com/_next/static/chunks/101-81902a66503fe275.js"
    },
    {
      "rt": "script",
      "method": "GET",
      "url": "https://elbitsystemscareer.com/_next/static/chunks/120-0d22b86ae3758d29.js"
    },
    {
      "rt": "script",
      "method": "GET",
      "url": "https://elbitsystemscareer.com/_next/static/chunks/768.d47e0c87df3a62b7.js"
    },
    {
      "rt": "script",
      "method": "GET",
      "url": "https://elbitsystemscareer.com/_next/static/chunks/561-c14ed924d4e5f70f.js"
    },
    {
      "rt": "script",
      "method": "GET",
      "url": "https://elbitsystemscareer.com/_next/static/chunks/583-399b999cf9f030a6.js"
    },
    {
      "rt": "script",
      "method": "GET",
      "url": "https://elbitsystemscareer.com/_next/static/chunks/116.0cec4a055d72af3f.js"
    }
  ],
  "consoleMsgs": [
    "[log] https://niloo-server.herokuapp.com",
    "[log] %cв•«ГЎв•«Г†в•«Г–в•«вЊђ в•«ВЈв•«Г–%c в•«Г‰в•«ГІв•«в‚§в•«Вї: в•«ГЎв•«Вїв•«Г‰в•«Г¶ в•«вЊђ-jQuery в•«ВЈв•«Г‰ в•«ГЎв•«в‚§в•«ВЄв•«Г‰в•«Г¶ в•«Г¦в•«Гґв•«Гє в•«Г»в•«Г¶. в•«Г¶в•«В¬в•«ГІв•«Г­в•«Гє в•«ВЈв•«Г‰ в•«Г–в•«Вўв•«ГІв•«ВЈ в•«ВЈв•«Г±в•«Гів•«ГІв•«ВЈ в•«Г¦в•«ВЈв•«Гів•«Гґв•«Г–в•«Г¶, в•«ГІв•«Г¶в•«Гїв•«в‚§в•«Г–в•«Гі в•«Г¦в•«Гґв•«Гє в•«Г‰в•«В¬ в•«Г¶в•«Г†в•«Г–в•«Вїв•«Г­в•«Г¶ в•«Г¶в•«в‚§в•«Г–в•«ГЎв•«Г–в•«в‚§в•«ВЈв•«Г–в•«В¬ в•«Г¶в•«Гґв•«Вїв•«ГІв•«вЊђв•«Г¶ в•«Гів•«Г¦в•«ГІв•«Вїв•«ГІ в•«Г¦в•«Г‰в•«ГІв•«Г±в•«Ж’ в•«Г‰в•«ГІв•«Гїв•«ГІв•«в‚§в•«Гїв•«Г–. color: RoyalBlue; font-weight: bold; ",
    "[log] JobsContext: Fetched jobs: 710",
    "[log] Filtering jobs. Total jobs: 710",
    "[log] URL search params: ",
    "[log] No category/expertise filter applied - showing all jobs",
    "[log] Final filtered jobs: 710"
  ]
}
