total: 5
---
externalJobId: 6216
title: ╫É╫Ö╫á╫ÿ╫Æ╫¿╫ÿ╫ò╫¿.╫Ö╫¬
location: North
department: ╫Ö╫æ╫⌐╫ö ╫ò╫¬╫ó╫⌐
publishDate: 2026-02-16T02:46:00
description (first 200): ╫£╫É╫¬╫¿ ╫ö╫ù╫æ╫¿╫ö ╫æ╫¢╫¿╫₧╫Ö╫É╫£ ╫ô╫¿╫ò╫⌐.╫ö ╫É╫Ö╫á╫ÿ╫Æ╫ÿ╫ò╫¿.╫Ö╫¬╫æ╫₧╫í╫Æ╫¿╫¬ ╫ö╫¬╫ñ╫º╫Ö╫ô:╫É╫Ö╫á╫ÿ╫Æ╫¿╫ª╫Ö╫ö ╫⌐╫£ ╫¬╫¬╫Ö-╫₧╫ó╫¿╫¢╫ò╫¬ ╫É╫£╫º╫ÿ╫¿╫ò╫á╫Ö╫ò╫¬, ╫É╫£╫º╫ÿ╫¿╫ò╫É╫ò╫ñ╫ÿ╫Ö╫ò╫¬ / ╫₧╫¢╫á╫Ö╫ò╫¬ ╫ö╫¿╫¢╫æ╫¬ ╫₧╫¢╫£╫ò╫£╫Ö╫¥ ╫ò╫¢╫¿╫ÿ╫Ö╫í╫Ö╫¥ ╫É╫£╫º╫ÿ╫¿╫ò╫á╫Ö╫Ö╫¥ ╫æ╫ö╫¬╫É╫¥ ╫£╫⌐╫¿╫ÿ╫ò╫ÿ╫Ö╫¥ ╫ò╫¬╫Ö╫º╫Ö ╫ö╫¿╫¢╫æ╫ö╫æ╫Ö╫ª╫ò╫ó ╫æ╫ô╫Ö╫º╫ò╫¬ ╫ù╫⌐╫₧╫£╫Ö╫ò╫¬/╫ñ╫ò╫á╫º╫ª╫Ö╫ò╫á╫£
description length: 542
---
externalJobId: 5956
title: ╫É╫Ö╫á╫ÿ╫Æ╫¿╫ÿ╫ò╫¿.╫Ö╫¬ ╫ò╫æ╫ô╫í ╫æ╫¬╫ñ╫ó╫ò╫£
location: North
department: ╫Ö╫æ╫⌐╫ö ╫ò╫¬╫ó╫⌐
publishDate: 2026-01-04T01:16:00
description (first 200): ╫£╫É╫¬╫¿ ╫ö╫ù╫æ╫¿╫ö ╫æ╫Ö╫º╫á╫ó╫¥ ╫ô╫¿╫ò╫⌐.╫ö ╫É╫Ö╫á╫ÿ╫Æ╫¿╫ÿ╫ò╫¿.╫Ö╫¬ ╫ò╫æ╫ô"╫í ╫æ╫¬╫ñ╫ó╫ò╫£╫æ╫₧╫í╫Æ╫¿╫¬ ╫ö╫¬╫ñ╫º╫Ö╫ô:╫æ╫Ö╫ª╫ò╫ó ╫É╫Ö╫á╫ÿ╫Æ╫¿╫ª╫Ö╫ö ╫£╫₧╫ó╫¿╫¢╫ò╫¬ ╫á╫⌐╫º ╫₧╫ò╫¿╫¢╫æ╫ò╫¬, ╫ö╫¢╫ò╫£╫£╫¬ ╫ù╫Ö╫æ╫ò╫¿ ╫₧╫ó╫¿╫¢╫ò╫¬ ╫É╫£╫º╫ÿ╫¿╫ò╫á╫Ö╫ò╫¬, ╫₧╫¢╫á╫Ö╫ò╫¬ ╫ò╫¬╫ò╫¢╫á╫ö╫æ╫Ö╫ª╫ò╫ó ╫ñ╫¬╫¿╫ò╫ƒ ╫¬╫º╫£╫ò╫¬ ╫æ╫û╫₧╫ƒ ╫ö╫ó╫æ╫ò╫ô╫ö ╫æ╫¿╫É╫Ö╫Ö╫ö ╫₧╫ó╫¿╫¢╫¬╫Ö╫¬ ╫ò╫₧╫¬╫ƒ ╫ñ╫¬╫¿╫ò
description length: 774
---
externalJobId: 5958
title: ╫₧╫£╫Æ╫û╫á.╫Ö╫¬
location: North
department: ╫Ö╫æ╫⌐╫ö ╫ò╫¬╫ó╫⌐
publishDate: 2026-01-04T01:46:00
description (first 200): ╫£╫É╫¬╫¿ ╫ö╫ù╫æ╫¿╫ö ╫æ╫Ö╫º╫á╫ó╫¥ ╫ô╫¿╫ò╫⌐.╫ö ╫₧╫£╫Æ╫û╫ƒ.╫Ö╫¬╫¬╫ù╫ò╫₧╫Ö ╫É╫ù╫¿╫Ö╫ò╫¬╫⌐╫Ö╫á╫ò╫ó ╫ñ╫á╫Ö╫₧╫Ö, ╫ñ╫¿╫Ö╫º╫ö ╫ò╫ö╫ó╫₧╫í╫ö╫º╫£╫Ö╫ÿ╫¬ ╫ÿ╫ò╫æ╫Ö╫ƒ, ╫ñ╫ó╫Ö╫£╫ò╫¬ ╫É╫ù╫í╫á╫ö, ╫í╫Ö╫ô╫ò╫¿ ╫ö╫ÿ╫ò╫æ╫Ö╫ƒ ╫æ╫₧╫ù╫í╫ƒ╫⌐╫Ö╫₧╫ò╫ƒ ╫ù╫£╫º╫Ö╫¥ ╫æ╫¿╫ª╫ñ╫¬ ╫ö╫Ö╫Ö╫ª╫ò╫¿╫⌐╫Ö╫á╫ò╫ó ╫ù╫ò╫₧"╫í ╫æ╫¬╫ù╫ò╫₧╫Ö ╫ö╫₧╫ñ╫ó╫£╫ö╫⌐╫¢╫£╫ö╫æ╫ò╫Æ╫¿.╫¬ ╫º╫ò╫¿╫í ╫£╫á╫Ö╫ö╫ò╫£ ╫₧╫ù╫í╫ƒ ΓÇô ╫Ö╫¬╫¿╫ò╫ƒ╫á
description length: 487
---
externalJobId: 5326
title: ╫₧╫ù╫í╫á╫É╫Ö.╫¬
location: North
department: ╫Ö╫æ╫⌐╫ö ╫ò╫¬╫ó╫⌐
publishDate: 2025-08-20T09:16:00
description (first 200): ╫£╫É╫¬╫¿ ╫ö╫ù╫æ╫¿╫ö ╫æ╫Ö╫º╫á╫ó╫¥ ╫ô╫¿╫ò╫⌐.╫ö ╫₧╫ù╫í╫á╫É╫Ö.╫¬╫æ╫₧╫í╫Æ╫¿╫¬ ╫ö╫¬╫ñ╫º╫Ö╫ô:╫º╫£╫Ö╫ÿ╫¬ ╫í╫ù╫ò╫¿╫ö (╫æ╫ô╫Ö╫º╫ö, ╫í╫ñ╫Ö╫¿╫ö ╫ò╫º╫£╫Ö╫ÿ╫ö ╫æ╫₧╫ó╫¿╫¢╫¬ ╫₧╫Ö╫ô╫ó), ╫É╫ù╫í╫á╫ö ╫⌐╫£ ╫¬╫ò╫ª╫¿╫¬ ╫Æ╫₧╫ò╫¿╫ö, ╫í╫ñ╫Ö╫¿╫ò╫¬ ╫₧╫£╫É╫Ö, ╫ñ╫¿╫Ö╫º╫¬ ╫ò╫ö╫ó╫₧╫í╫¬ ╫í╫ù╫ò╫¿╫ö ╫ò╫₧╫⌐╫£╫ò╫ù╫Ö╫¥ ╫æ╫É╫₧╫ª╫ó╫ò╫¬ ╫₧╫£╫Æ╫û╫ö ╫ö╫¢╫á╫¬ ╫º╫Ö╫ÿ╫Ö╫¥ ╫£╫ñ╫º╫ò╫ô╫ò╫¬ ╫ó╫æ╫ò╫ô╫ö, ╫ö╫¢╫á
description length: 527
---
externalJobId: 5954
title: ╫₧╫⌐╫ù╫Ö╫û╫á.╫Ö╫¬
location: North
department: ╫Ö╫æ╫⌐╫ö ╫ò╫¬╫ó╫⌐
publishDate: 2026-01-04T12:46:00
description (first 200): ╫£╫É╫¬╫¿ ╫ö╫ù╫æ╫¿╫ö ╫æ╫Ö╫º╫á╫ó╫¥ ╫ô╫¿╫ò╫⌐.╫ö ╫₧╫⌐╫ù╫Ö╫û╫ƒ.╫Ö╫¬╫æ╫₧╫í╫Æ╫¿╫¬ ╫ö╫¬╫ñ╫º╫Ö╫ô:╫æ╫Ö╫ª╫ò╫ó ╫ó╫Ö╫æ╫ò╫ô ╫⌐╫æ╫æ╫Ö ╫₧╫ô╫ò╫Ö╫º ╫æ╫¬╫ö╫£╫Ö╫¢╫Ö ╫ö╫⌐╫ù╫û╫ö ╫ö╫₧╫æ╫ò╫ª╫ó╫Ö╫¥ ╫æ╫₧╫¢╫ò╫á╫ò╫¬ ╫ö╫⌐╫ù╫û╫ö╫º╫¿╫Ö╫É╫¬ ╫⌐╫¿╫ÿ╫ò╫ÿ ╫ò╫ö╫æ╫á╫¬ ╫¬╫ö╫£╫Ö╫Ü ╫ö╫ó╫Ö╫æ╫ò╫ô ╫ö╫á╫ô╫¿╫⌐╫ô╫ñ╫Ö╫á╫¬ ╫ö╫ù╫£╫º ╫£╫₧╫¢╫ò╫á╫ö╫ö╫¢╫á╫¬ ╫ö╫₧╫¢╫ò╫á╫ö ╫ò╫ö╫ª╫æ╫¬ ╫ö╫¢╫£╫Ö╫¥ ╫¢╫á╫ô╫¿╫⌐╫ó╫Ö╫æ╫ò╫ô ╫ö╫ù╫£╫º 
description length: 391
