п»їclicking filter ...
first card text: Project Manager

в•«Г»в•«Г–в•«Г¶в•«ГІв•«Г– в•«Гґв•«Вїв•«Г–в•«вЊђв•«Г¶:
6340
probe get-cities: {"status":201,"len":15,"head":"{\"status\":\"ok\"}"}
probe get-locations: {"status":201,"len":15,"head":"{\"status\":\"ok\"}"}
probe get-meta: {"status":201,"len":15,"head":"{\"status\":\"ok\"}"}
probe get-config: {"status":201,"len":15,"head":"{\"status\":\"ok\"}"}
probe get-areas: {"status":201,"len":15,"head":"{\"status\":\"ok\"}"}
probe cities: {"status":201,"len":15,"head":"{\"status\":\"ok\"}"}
probe meta: {"status":201,"len":15,"head":"{\"status\":\"ok\"}"}
probe locations: {"status":201,"len":15,"head":"{\"status\":\"ok\"}"}
--- all responses with status 2xx + content-type json or that contain Hebrew+992 ---
  POST 201 bodyBytes=2675104 hebrew=false ct=application/json; charset=utf-8 url=https://niloo-server.herokuapp.com/actions-elbit
  POST 201 bodyBytes=15 hebrew=false ct=application/json; charset=utf-8 url=https://niloo-server.herokuapp.com/actions-elbit
  POST 201 bodyBytes=15 hebrew=false ct=application/json; charset=utf-8 url=https://niloo-server.herokuapp.com/actions-elbit
  POST 201 bodyBytes=15 hebrew=false ct=application/json; charset=utf-8 url=https://niloo-server.herokuapp.com/actions-elbit
  POST 201 bodyBytes=15 hebrew=false ct=application/json; charset=utf-8 url=https://niloo-server.herokuapp.com/actions-elbit
  POST 201 bodyBytes=15 hebrew=false ct=application/json; charset=utf-8 url=https://niloo-server.herokuapp.com/actions-elbit
  POST 201 bodyBytes=15 hebrew=false ct=application/json; charset=utf-8 url=https://niloo-server.herokuapp.com/actions-elbit
  POST 201 bodyBytes=15 hebrew=false ct=application/json; charset=utf-8 url=https://niloo-server.herokuapp.com/actions-elbit
(full request log dumped to .scratch/probe-cities-allreqs.json О“Г‡Г¶ 48 entries)
