fetched 500
--- location distribution (top 25) ---
    82  ╫ù╫Ö╫ñ╫ö
    60  ╫ª╫ñ╫ò╫ƒ
    60  ╫¢╫¿╫₧╫Ö╫É╫£
    53  ╫¿╫₧╫¬ ╫ö╫⌐╫¿╫ò╫ƒ
    40  ╫¿╫ù╫ò╫æ╫ò╫¬
    38  ╫ù╫ò╫£╫ò╫ƒ
    36  ╫á╫¬╫á╫Ö╫ö
    15  Unknown
    14  ╫æ╫É╫¿ ╫⌐╫æ╫ó
    13  ╫Ö╫¿╫ò╫⌐╫£╫Ö╫¥ ╫ò╫ö╫í╫æ╫Ö╫æ╫ö
    12  ╫₧╫¿╫¢╫û
     8  ╫¿╫₧╫£╫ö
     8  ╫¬╫£ ╫ù╫Ö
     8  ╫ö╫⌐╫ñ╫£╫ö
     7  ╫£╫ò╫ô
     7  ╫¿╫É╫⌐ ╫ö╫ó╫Ö╫ƒ
     7  ╫⌐╫ô╫¿╫ò╫¬
     5  ╫⌐╫¿╫ò╫ƒ
     4  ╫É╫Ö╫Ö╫¿╫ñ╫ò╫¿╫ÿ ╫í╫Ö╫ÿ╫Ö
     4  ╫¿╫₧╫¬ ╫Æ╫ƒ
     4  ╫Ö╫¿╫ò╫⌐╫£╫Ö╫¥
     4  DataMigration
     3  ╫Æ╫ò╫⌐ ╫ô╫ƒ
     2  ╫ö╫⌐╫¿╫ò╫ƒ
     2  ╫ù╫ª╫¿╫Ö╫¥
unique locations: 29
jobs with Hebrew city: 481 / 500

--- 5 sample jobs ---
  1160  ╫₧╫ñ╫ó╫Ö╫£.╫¬ ╫₧╫¢╫ò╫á╫ö  |  ╫ª╫ñ╫ò╫ƒ  |  ╫Ö╫æ╫⌐╫ö ╫ò╫¬╫ó╫⌐  |  2023-12-24T00:00:00
  4920  ╫₧╫¿╫¢╫Ö╫æ.╫ö ╫₧╫¢╫É╫á╫Ö.╫¬  |  ╫¢╫¿╫₧╫Ö╫É╫£  |  ╫Ö╫æ╫⌐╫ö ╫ò╫¬╫ó╫⌐  |  2025-06-10T10:46:00
  1156  ╫¢╫¿╫í╫¥.╫¬ CNC  |  ╫ª╫ñ╫ò╫ƒ  |  ╫Ö╫æ╫⌐╫ö ╫ò╫¬╫ó╫⌐  |  2023-12-24T00:00:00
  5684  Materials Engineer  |  ╫ù╫Ö╫ñ╫ö  |  ╫¢╫£╫Ö ╫ÿ╫Ö╫í  |  2025-11-16T04:16:00
  6409  FPGA Logic Design Engineer  |  ╫ù╫Ö╫ñ╫ö  |  ╫¢╫£╫Ö ╫ÿ╫Ö╫í  |  2026-03-30T07:46:00
