fetched 500
--- location distribution (top 25) ---
    81  ╫ù╫Ö╫ñ╫ö
    60  ╫¢╫¿╫₧╫Ö╫É╫£
    53  ╫¿╫₧╫¬ ╫ö╫⌐╫¿╫ò╫ƒ
    52  North
    40  ╫¿╫ù╫ò╫æ╫ò╫¬
    38  ╫ù╫ò╫£╫ò╫ƒ
    36  ╫á╫¬╫á╫Ö╫ö
    15  Unknown
    14  ╫æ╫É╫¿ ╫⌐╫æ╫ó
    13  ╫Ö╫¿╫ò╫⌐╫£╫Ö╫¥ ╫ò╫ö╫í╫æ╫Ö╫æ╫ö
    12  Center
    10  ╫ª╫ñ╫ò╫ƒ
     8  ╫¿╫₧╫£╫ö
     8  ╫¬╫£ ╫ù╫Ö
     7  ╫£╫ò╫ô
     7  ╫⌐╫ô╫¿╫ò╫¬
     6  ╫¿╫É╫⌐ ╫ö╫ó╫Ö╫ƒ
     5  ╫⌐╫¿╫ò╫ƒ
     5  Shfela
     4  ╫É╫Ö╫Ö╫¿╫ñ╫ò╫¿╫ÿ ╫í╫Ö╫ÿ╫Ö
     4  ╫¿╫₧╫¬ ╫Æ╫ƒ
     4  Jerusalem
     4  DataMigration
     3  ╫Æ╫ò╫⌐ ╫ô╫ƒ
     3  ╫ö╫⌐╫ñ╫£╫ö
unique locations: 31
jobs with Hebrew city: 406 / 500

--- 5 sample jobs ---
  5326  ╫₧╫ù╫í╫á╫É╫Ö.╫¬  |  North  |  ╫Ö╫æ╫⌐╫ö ╫ò╫¬╫ó╫⌐  |  2025-08-20T09:16:00
  5954  ╫₧╫⌐╫ù╫Ö╫û╫á.╫Ö╫¬  |  North  |  ╫Ö╫æ╫⌐╫ö ╫ò╫¬╫ó╫⌐  |  2026-01-04T12:46:00
  1160  ╫₧╫ñ╫ó╫Ö╫£.╫¬ ╫₧╫¢╫ò╫á╫ö  |  ╫ª╫ñ╫ò╫ƒ  |  ╫Ö╫æ╫⌐╫ö ╫ò╫¬╫ó╫⌐  |  2023-12-24T00:00:00
  4920  ╫₧╫¿╫¢╫Ö╫æ.╫ö ╫₧╫¢╫É╫á╫Ö.╫¬  |  ╫¢╫¿╫₧╫Ö╫É╫£  |  ╫Ö╫æ╫⌐╫ö ╫ò╫¬╫ó╫⌐  |  2025-06-10T10:46:00
  1156  ╫¢╫¿╫í╫¥.╫¬ CNC  |  ╫ª╫ñ╫ò╫ƒ  |  ╫Ö╫æ╫⌐╫ö ╫ò╫¬╫ó╫⌐  |  2023-12-24T00:00:00
